<?xml version="1.0" encoding="UTF-8"?>
<testng-results skipped="0" failed="0" ignored="0" total="6" passed="6">
  <reporter-output>
  </reporter-output>
  <suite name="All Test Suite" duration-ms="19777" started-at="2023-04-26T12:06:46 BST" finished-at="2023-04-26T12:07:06 BST">
    <groups>
    </groups>
    <test name="C:/Users/abhis/IdeaProjects/TestNGFrameworkUnify" duration-ms="19777" started-at="2023-04-26T12:06:46 BST" finished-at="2023-04-26T12:07:06 BST">
      <class name="FirstTestNG_Testcase">
        <test-method status="PASS" signature="openBrowser()[pri:1, instance:FirstTestNG_Testcase@5442a311]" name="openBrowser" duration-ms="10081" started-at="2023-04-26T12:06:46 BST" finished-at="2023-04-26T12:06:56 BST">
          <reporter-output>
          </reporter-output>
        </test-method> <!-- openBrowser -->
        <test-method status="PASS" signature="login()[pri:2, instance:FirstTestNG_Testcase@5442a311]" name="login" duration-ms="2109" started-at="2023-04-26T12:06:56 BST" finished-at="2023-04-26T12:06:58 BST">
          <reporter-output>
          </reporter-output>
        </test-method> <!-- login -->
        <test-method status="PASS" signature="closeBrowser()[pri:3, instance:FirstTestNG_Testcase@5442a311]" name="closeBrowser" duration-ms="378" started-at="2023-04-26T12:06:58 BST" finished-at="2023-04-26T12:06:59 BST">
          <reporter-output>
          </reporter-output>
        </test-method> <!-- closeBrowser -->
      </class> <!-- FirstTestNG_Testcase -->
      <class name="testNG_Homework_1.TestCase_1">
        <test-method status="PASS" signature="openBrowser()[pri:1, instance:testNG_Homework_1.TestCase_1@13deb50e]" name="openBrowser" duration-ms="4139" started-at="2023-04-26T12:06:59 BST" finished-at="2023-04-26T12:07:03 BST">
          <reporter-output>
          </reporter-output>
        </test-method> <!-- openBrowser -->
        <test-method status="PASS" signature="login()[pri:2, instance:testNG_Homework_1.TestCase_1@13deb50e]" name="login" duration-ms="2488" started-at="2023-04-26T12:07:03 BST" finished-at="2023-04-26T12:07:05 BST">
          <reporter-output>
          </reporter-output>
        </test-method> <!-- login -->
        <test-method status="PASS" signature="closeBrowser()[pri:3, instance:testNG_Homework_1.TestCase_1@13deb50e]" name="closeBrowser" duration-ms="423" started-at="2023-04-26T12:07:05 BST" finished-at="2023-04-26T12:07:06 BST">
          <reporter-output>
          </reporter-output>
        </test-method> <!-- closeBrowser -->
      </class> <!-- testNG_Homework_1.TestCase_1 -->
    </test> <!-- C:/Users/abhis/IdeaProjects/TestNGFrameworkUnify -->
  </suite> <!-- All Test Suite -->
</testng-results>
